Flutter crash report.
Please report a bug at https://github.com/flutter/flutter/issues.

## command

flutter analyze

## exception

_Exception: Exception: analysis server exited with code 64 and output:
[stderr] Project
[stderr]   build       Build a Dart application including code assets.
[stderr]   compile     Compile Dart to various formats.
[stderr]   create      Create a new Dart project.
[stderr]   pub         Work with packages.
[stderr]   run         Run a Dart program.
[stderr]   test        Run tests for a project.
[stderr] 
[stderr] Source code
[stderr]   analyze     Analyze Dart code in a directory.
[stderr]   doc         Generate API documentation for Dart projects.
[stderr]   fix         Apply automated fixes to Dart source code.
[stderr]   format      Idiomatically format Dart source code.
[stderr] 
[stderr] Tools
[stderr]   devtools    Open DevTools (optionally connecting to an existing application).
[stderr]   info        Show diagnostic information about the installed tooling.
[stderr] 
[stderr] Run "dart help <command>" for more information about a command.
[stderr] See https://dart.dev/tools/dart-tool for detailed documentation.

```
```

## flutter doctor

```
[✓] Flutter (Channel stable, 3.38.9, on macOS 26.3.1 25D2128 darwin-arm64, locale ru-UZ) [697ms]
    • Flutter version 3.38.9 on channel stable at /Users/sherzodkamoldinov/Developer/flutter
    • Upstream repository https://github.com/flutter/flutter.git
    • Framework revision 67323de285 (4 months ago), 2026-01-28 13:43:12 -0800
    • Engine revision 587c18f873
    • Dart version 3.10.8
    • DevTools version 2.51.1
    • Feature flags: enable-web, enable-linux-desktop, enable-macos-desktop, enable-windows-desktop, enable-android, enable-ios, cli-animations, enable-native-assets, omit-legacy-version-file, enable-lldb-debugging

[✓] Android toolchain - develop for Android devices (Android SDK version 36.0.0) [2,6s]
    • Android SDK at /Users/sherzodkamoldinov/Library/Android/sdk
    • Emulator version 36.1.9.0 (build_id 13823996) (CL:N/A)
    • Platform android-36, build-tools 36.0.0
    • Java binary at: /Applications/Android Studio.app/Contents/jbr/Contents/Home/bin/java
      This is the JDK bundled with the latest Android Studio installation on this machine.
      To manually set the JDK path, use: `flutter config --jdk-dir="path/to/jdk"`.
    • Java version OpenJDK Runtime Environment (build 21.0.10+-117844308-b1163.108)
    • All Android licenses accepted.

[✓] Xcode - develop for iOS and macOS (Xcode 26.4) [1 364ms]
    • Xcode at /Applications/Xcode.app/Contents/Developer
    • Build 17E192
    • CocoaPods version 1.16.2

[✓] Chrome - develop for the web [4ms]
    • Chrome at /Applications/Google Chrome.app/Contents/MacOS/Google Chrome

[✓] Connected device (4 available) [7,5s]
    • SM A515F (mobile)                             • RZ8N806RE2W               • android-arm64  • Android 13 (API 33)
    • iPhone Sherzod Kamoldinov (wireless) (mobile) • 00008101-001478263E93001E • ios            • iOS 26.3.1 23D771330a
    • macOS (desktop)                               • macos                     • darwin-arm64   • macOS 26.3.1 25D2128 darwin-arm64
    • Chrome (web)                                  • chrome                    • web-javascript • Google Chrome 148.0.7778.169
    ! Error: Browsing on the local area network for iPhone Dilafruz Kamoldinova. Ensure the device is unlocked and attached with a cable or associated with the same local area network as this Mac.
      The device must be opted into Developer Mode to connect wirelessly. (code -27)

[✓] Network resources [447ms]
    • All expected network resources are available.

• No issues found!
```
